<?xml version="1.0" encoding="UTF-8"?>
<!-- Generated by org.testng.reporters.JUnitXMLReporter -->
<testsuite ignored="1" hostname="Vishwajits-MacBook-Pro.local" failures="0" tests="1" name="Default test" time="35.758" errors="0" timestamp="2023-11-23T11:48:22 IST">
  <testcase classname="testcases.resgisterTestCases" name="verifyRegistrationWithValidData" time="13.222"/>
  <testcase classname="testcases.resgisterTestCases" name="verifyRegistrationWithInvalidData" time="0.0">
    <ignored/>
  </testcase> <!-- verifyRegistrationWithInvalidData -->
</testsuite> <!-- Default test -->
